<?xml version="1.0" encoding="UTF-8"?>
<testsuite name="challenge.SubmitTest" tests="6" skipped="0" failures="0" errors="0" timestamp="2019-02-18T02:11:39" hostname="DESKTOP-HBA7PCI" time="2.739">
  <properties/>
  <testcase name="q1" classname="challenge.SubmitTest" time="0.747"/>
  <testcase name="q2" classname="challenge.SubmitTest" time="0.408"/>
  <testcase name="q3" classname="challenge.SubmitTest" time="0.322"/>
  <testcase name="q4" classname="challenge.SubmitTest" time="0.403"/>
  <testcase name="q5" classname="challenge.SubmitTest" time="0.328"/>
  <testcase name="q6" classname="challenge.SubmitTest" time="0.528"/>
  <system-out><![CDATA[]]></system-out>
  <system-err><![CDATA[]]></system-err>
</testsuite>
